Arguments: 
  E:\Program File\nodejs\node.exe D:\node\node_global\node_modules\yarn\bin\yarn.js init -t

PATH: 
  D:\software\cmder\vendor\git-for-windows\mingw64\bin;D:\software\cmder\vendor\git-for-windows\usr\bin;C:\Users\Administrator\bin;%NVM_HOME%;%NVM_SYMLINK%;E:\Program File\nodejs;D:\Downloads\Microsoft VS Code;D:\node\node_global\node_modules;C:\Program Files (x86)\NVIDIA Corporation\PhysX\Common;D:\Downloads\Microsoft VS Code\bin;D:\node\node_global;D:\software\cmder;D:\software\Trojan-Qt5-Windows.1.1.6\trojan-qt5.exe;E:\图片\Snipaste-2.5.4-Beta-x64\Snipaste;C;D:\Users\Administrator\AppData\Local\Yarn\Cache\v6\npm-tldr-3.3.5-1a08fe009ac0106080d0dfbdbafbfa953c86b3fe-integrity\node_modules\tldr;D:\software\cmder;D:\yarn\bin;C:\Program Files\Git\cmd;E:\视频Pr素材;D:\python\Scripts;D:\python;C:\Users\Administrator\AppData\Local\Programs\Python\Python36\Scripts;C:\Users\Administrator\AppData\Local\Programs\Python\Python36;D:\yarn;E:\图片\Docker Toolbox;.;D:\software\cmder\vendor\git-for-windows\图片\Docker Toolbox;E;D:\图片\Docker Toolbox;.;D:\software\cmder\vendor\git-for-windows\图片\Docker Toolbox;E;D:\图片\Docker Toolbox;E:\图片\Docker Toolbox;E:\webstorm\WebStorm 2020.3.1\bin;D:\Downloads\Microsoft VS Code\bin;D:\python_anacodna\_conda.exe;C:\Windows\system32

Yarn version: 
  1.22.11

Node version: 
  12.18.3

Platform: 
  win32 x64

Trace: 
  Error: canceled
      at Interface.<anonymous> (D:\node\node_global\node_modules\yarn\lib\cli.js:137023:13)
      at Interface.emit (events.js:315:20)
      at Interface._ttyWrite (readline.js:868:16)
      at ReadStream.onkeypress (readline.js:205:10)
      at ReadStream.emit (events.js:315:20)
      at emitKeys (internal/readline/utils.js:335:14)
      at emitKeys.next (<anonymous>)
      at ReadStream.onData (readline.js:1137:36)
      at ReadStream.emit (events.js:315:20)
      at addChunk (_stream_readable.js:295:12)

npm manifest: 
  No manifest

yarn manifest: 
  No manifest

Lockfile: 
  No lockfile
